e:\drewthealien\visual studio projects\blackjack\blackjack\debug\vc140.pdb
e:\drewthealien\visual studio projects\blackjack\blackjack\debug\vc140.idb
e:\drewthealien\visual studio projects\blackjack\blackjack\debug\card.obj
e:\drewthealien\visual studio projects\blackjack\blackjack\debug\deck.obj
e:\drewthealien\visual studio projects\blackjack\blackjack\debug\game.obj
e:\drewthealien\visual studio projects\blackjack\blackjack\debug\infomenu.obj
e:\drewthealien\visual studio projects\blackjack\blackjack\debug\input.obj
e:\drewthealien\visual studio projects\blackjack\blackjack\debug\playstate.obj
e:\drewthealien\visual studio projects\blackjack\blackjack\debug\mainmenu.obj
e:\drewthealien\visual studio projects\blackjack\blackjack\debug\hand.obj
e:\drewthealien\visual studio projects\blackjack\blackjack\debug\main.obj
e:\drewthealien\visual studio projects\blackjack\blackjack\debug\screenhandler.obj
e:\drewthealien\visual studio projects\blackjack\blackjack\debug\todo.obj
e:\drewthealien\visual studio projects\blackjack\debug\blackjack.ilk
e:\drewthealien\visual studio projects\blackjack\debug\blackjack.exe
e:\drewthealien\visual studio projects\blackjack\debug\blackjack.pdb
e:\drewthealien\visual studio projects\blackjack\blackjack\debug\blackjack.tlog\cl.command.1.tlog
e:\drewthealien\visual studio projects\blackjack\blackjack\debug\blackjack.tlog\cl.read.1.tlog
e:\drewthealien\visual studio projects\blackjack\blackjack\debug\blackjack.tlog\cl.write.1.tlog
e:\drewthealien\visual studio projects\blackjack\blackjack\debug\blackjack.tlog\link.command.1.tlog
e:\drewthealien\visual studio projects\blackjack\blackjack\debug\blackjack.tlog\link.read.1.tlog
e:\drewthealien\visual studio projects\blackjack\blackjack\debug\blackjack.tlog\link.write.1.tlog
